app/build/outputs/mapping/release/seeds.txt
vadiole.unicode.ui.SendCrashActivity
vadiole.unicode.ui.UnicodeActivity
vadiole.unicode.UnicodeApp
vadiole.unicode.ui.SendCrashActivity: SendCrashActivity()
vadiole.unicode.ui.UnicodeActivity: UnicodeActivity()
vadiole.unicode.UnicodeApp: UnicodeApp()
...
kotlinx.coroutines.CancelledContinuation: int _resumed$volatile
kotlinx.coroutines.internal.AtomicOp: java.lang.Object _consensus$volatile
kotlinx.coroutines.internal.LockFreeLinkedListNode: java.lang.Object _prev$volatile
kotlinx.coroutines.android.AndroidExceptionPreHandler: java.lang.Object _preHandler
androidx.recyclerview.widget.RecyclerView$SavedState: android.os.Parcelable$Creator CREATOR
kotlinx.coroutines.scheduling.CoroutineScheduler$Worker: int workerCtl$volatile
androidx.customview.view.AbsSavedState: android.os.Parcelable$Creator CREATOR
kotlinx.coroutines.EventLoopImplBase: java.lang.Object _queue$volatile
kotlinx.coroutines.CancellableContinuationImpl: java.lang.Object _parentHandle$volatile
kotlinx.coroutines.DispatchedCoroutine: int _decision$volatile
androidx.versionedparcelable.ParcelImpl: android.os.Parcelable$Creator CREATOR
kotlinx.coroutines.scheduling.WorkQueue: int consumerIndex$volatile
kotlinx.coroutines.InvokeOnCancelling: int _invoked$volatile
kotlinx.coroutines.CoroutineStart$WhenMappings: int[] $EnumSwitchMapping$0
kotlinx.coroutines.JobSupport$Finishing: java.lang.Object _rootCause$volatile
kotlinx.coroutines.scheduling.WorkQueue: java.lang.Object lastScheduledTask$volatile
kotlinx.coroutines.JobSupport: java.lang.Object _state$volatile
kotlinx.coroutines.scheduling.CoroutineScheduler: long parkedWorkersStack$volatile
kotlinx.coroutines.JobSupport$Finishing: java.lang.Object _exceptionsHolder$volatile
kotlinx.coroutines.DefaultExecutor: java.lang.Thread _thread
androidx.recyclerview.widget.LinearLayoutManager$SavedState: android.os.Parcelable$Creator CREATOR
kotlinx.coroutines.EventLoopImplBase: java.lang.Object _delayed$volatile
kotlinx.coroutines.internal.ResizableAtomicArray: java.util.concurrent.atomic.AtomicReferenceArray array
kotlinx.coroutines.internal.LockFreeTaskQueueCore: long _state$volatile
kotlinx.coroutines.DefaultExecutor: int debugStatus
kotlinx.coroutines.scheduling.CoroutineScheduler: int _isTerminated$volatile
kotlinx.coroutines.internal.LockFreeLinkedListNode: java.lang.Object _next$volatile
kotlinx.coroutines.scheduling.WorkQueue: int blockingTasksInBuffer$volatile
kotlinx.coroutines.internal.LockFreeTaskQueueCore: java.lang.Object _next$volatile
androidx.recyclerview.widget.StaggeredGridLayoutManager$LazySpanLookup$FullSpanItem: android.os.Parcelable$Creator CREATOR
kotlinx.coroutines.JobSupport$Finishing: int _isCompleting$volatile
kotlinx.coroutines.CancellableContinuationImpl: int _decisionAndIndex$volatile
kotlinx.coroutines.JobSupport: java.lang.Object _parentHandle$volatile
kotlinx.coroutines.scheduling.CoroutineScheduler: long controlState$volatile
kotlinx.coroutines.internal.LockFreeTaskQueue: java.lang.Object _cur$volatile
kotlinx.coroutines.CancellableContinuationImpl: java.lang.Object _state$volatile
kotlinx.coroutines.internal.LockFreeLinkedListNode: java.lang.Object _removedRef$volatile
kotlinx.coroutines.EventLoopImplBase: int _isCompleted$volatile
kotlinx.coroutines.scheduling.WorkQueue: int producerIndex$volatile
kotlinx.coroutines.internal.DispatchedContinuation: java.lang.Object _reusableCancellableContinuation$volatile
kotlinx.coroutines.scheduling.CoroutineScheduler$WhenMappings: int[] $EnumSwitchMapping$0
kotlinx.coroutines.android.HandlerDispatcherKt: android.view.Choreographer choreographer
kotlinx.coroutines.internal.ThreadSafeHeap: int _size$volatile
kotlinx.coroutines.internal.LimitedDispatcher: int runningWorkers$volatile
kotlinx.coroutines.scheduling.CoroutineScheduler$Worker: int indexInArray
kotlin.random.Random: Random()
androidx.core.view.ViewParentCompat$Api21Impl: boolean onNestedPreFling(android.view.ViewParent,android.view.View,float,float)
androidx.core.widget.EdgeEffectCompat$Api31Impl: android.widget.EdgeEffect create(android.content.Context,android.util.AttributeSet)
androidx.core.view.ViewParentCompat$Api21Impl: void onNestedScrollAccepted(android.view.ViewParent,android.view.View,android.view.View,int)