app/build/outputs/mapping/release/mapping.txt
# compiler: R8
# compiler_version: 8.3.37
# min_api: 26
# common_typos_disable
# {"id":"com.android.tools.r8.mapping","version":"2.2"}
# pg_map_id: f0c4190
# pg_map_hash: SHA-256 f0c4190d70d23be8efcdae6448adc2e35b00bdd742491f31685b321077b13196
vadiole.unicode.UncaughtExceptionHandler -> O6:
# {"id":"sourceFile","fileName":"UncaughtExceptionHandler.kt"}
    android.content.Context context -> a
    java.io.File stackTraceDir -> b
    0:4:void <init>(android.content.Context):11:11 -> <init>
    5:21:void <init>(android.content.Context):13:13 -> <init>
    0:4:java.lang.String kotlin.ExceptionsKt__ExceptionsKt.stackTraceToString(java.lang.Throwable):56:56 -> a
    0:4:void handleException(java.lang.Throwable):28 -> a
    5:9:java.lang.String kotlin.ExceptionsKt__ExceptionsKt.stackTraceToString(java.lang.Throwable):57:57 -> a
    5:9:void handleException(java.lang.Throwable):28 -> a
    10:12:java.lang.String kotlin.ExceptionsKt__ExceptionsKt.stackTraceToString(java.lang.Throwable):58:58 -> a
    10:12:void handleException(java.lang.Throwable):28 -> a
    13:15:java.lang.String kotlin.ExceptionsKt__ExceptionsKt.stackTraceToString(java.lang.Throwable):59:59 -> a
    13:15:void handleException(java.lang.Throwable):28 -> a
    16:19:java.lang.String kotlin.ExceptionsKt__ExceptionsKt.stackTraceToString(java.lang.Throwable):60:60 -> a
    16:19:void handleException(java.lang.Throwable):28 -> a
    20:23:java.lang.String getDebugInfo():44:44 -> a
    20:23:void handleException(java.lang.Throwable):28 -> a
    24:29:java.lang.String getDebugInfo():46:46 -> a
    24:29:void handleException(java.lang.Throwable):28 -> a
    30:33:java.lang.String getDebugInfo():47:47 -> a
vadiole.unicode.UncaughtExceptionHandler$$ExternalSyntheticLambda0 -> N6:
# {"id":"sourceFile","fileName":"R8$$SyntheticClass"}
# {"id":"com.android.tools.r8.synthesized"}
    int vadiole.unicode.UncaughtExceptionHandler$$InternalSyntheticLambda$1$cf7b1f05b6b51b2450f4019644a05cd396e269b61794715278e181feef98afab$0.$r8$classId -> a
      # {"id":"com.android.tools.r8.synthesized"}
    vadiole.unicode.UncaughtExceptionHandler vadiole.unicode.UncaughtExceptionHandler$$InternalSyntheticLambda$1$cf7b1f05b6b51b2450f4019644a05cd396e269b61794715278e181feef98afab$0.f$0 -> b
      # {"id":"com.android.tools.r8.residualsignature","signature":"Ljava/lang/Object;"}
      # {"id":"com.android.tools.r8.synthesized"}
    java.lang.Throwable vadiole.unicode.UncaughtExceptionHandler$$InternalSyntheticLambda$1$cf7b1f05b6b51b2450f4019644a05cd396e269b61794715278e181feef98afab$0.f$1 -> c
      # {"id":"com.android.tools.r8.residualsignature","signature":"Ljava/lang/Object;"}
      # {"id":"com.android.tools.r8.synthesized"}
    0:9:void <init>(java.lang.Object,java.lang.Object,int):0:0 -> <init>
      # {"id":"com.android.tools.r8.synthesized"}
    0:14:void run():0:0 -> run
      # {"id":"com.android.tools.r8.synthesized"}
    15:21:void vadiole.unicode.ui.NavigationView._init_$lambda$3(vadiole.unicode.ui.NavigationView,android.content.Context):72:72 -> run
    15:21:void run():0 -> run
vadiole.unicode.UnicodeApp -> vadiole.unicode.UnicodeApp:
# {"id":"sourceFile","fileName":"UnicodeApp.kt"}
    vadiole.unicode.data.UnicodeStorage unicodeStorageInternal -> a
      # {"id":"com.android.tools.r8.residualsignature","signature":"Ld7;"}
    vadiole.unicode.data.config.UserConfig userConfigInternal -> b
      # {"id":"com.android.tools.r8.residualsignature","signature":"Lg7;"}
    0:3:void <init>():9:9 -> <init>
    0:2:void onCreate():12:12 -> onCreate
    3:6:void onCreate():13:13 -> onCreate
    7:14:void onCreate():14:14 -> onCreate
    15:21:void onCreate():15:15 -> onCreate
    22:28:void onCreate():16:16 -> onCreate
    29:39:boolean vadiole.unicode.data.config.UserConfig.getCrashReportDisabled():28:28 -> onCreate
    29:39:void onCreate():17 -> onCreate
    40:43:void onCreate():18:18 -> onCreate
vadiole.unicode.UnicodeApp$Companion -> R8$$REMOVED$$CLASS$$144:
# {"id":"sourceFile","fileName":"UnicodeApp.kt"}
...
kotlinx.coroutines.internal.DispatchedContinuation -> I1:
# {"id":"sourceFile","fileName":"DispatchedContinuation.kt"}
    kotlinx.coroutines.CoroutineDispatcher dispatcher -> d
      # {"id":"com.android.tools.r8.residualsignature","signature":"Le1;"}
    kotlin.coroutines.Continuation continuation -> e
      # {"id":"com.android.tools.r8.residualsignature","signature":"LT0;"}
    java.lang.Object _state -> f
    java.lang.Object countOrElement -> g
    java.util.concurrent.atomic.AtomicReferenceFieldUpdater _reusableCancellableContinuation$volatile$FU -> h
    0:12:void <clinit>():0:0 -> <clinit>
    0:0:void <init>(CoroutineDispatcher,ContinuationImpl) -> <init>
      # {"id":"com.android.tools.r8.synthesized"}
      # {"id":"com.android.tools.r8.residualsignature","signature":"(Le1;LU0;)V"}
    1:3:void <init>(kotlinx.coroutines.CoroutineDispatcher,kotlin.coroutines.Continuation):17:17 -> <init>
    1:3:void <init>(CoroutineDispatcher,ContinuationImpl):0 -> <init>
    4:5:void <init>(kotlinx.coroutines.CoroutineDispatcher,kotlin.coroutines.Continuation):14:14 -> <init>
    4:5:void <init>(CoroutineDispatcher,ContinuationImpl):0 -> <init>
    6:7:void <init>(kotlinx.coroutines.CoroutineDispatcher,kotlin.coroutines.Continuation):16:16 -> <init>
    6:7:void <init>(CoroutineDispatcher,ContinuationImpl):0 -> <init>
    8:11:void <init>(kotlinx.coroutines.CoroutineDispatcher,kotlin.coroutines.Continuation):20:20 -> <init>
kotlinx.coroutines.internal.ExceptionsConstructorKt$safeCtor$1 -> R8$$REMOVED$$CLASS$$131:
# {"id":"sourceFile","fileName":"ExceptionsConstructor.kt"}
kotlinx.coroutines.internal.LimitedDispatcher -> H3:
# {"id":"sourceFile","fileName":"LimitedDispatcher.kt"}
    kotlinx.coroutines.CoroutineDispatcher dispatcher -> c
      # {"id":"com.android.tools.r8.residualsignature","signature":"Le1;"}
    int parallelism -> d
    kotlinx.coroutines.Delay $$delegate_0 -> e
      # {"id":"com.android.tools.r8.residualsignature","signature":"Lz1;"}
    kotlinx.coroutines.internal.LockFreeTaskQueue queue -> f
      # {"id":"com.android.tools.r8.residualsignature","signature":"LP3;"}
    java.lang.Object workerAllocationLock -> g
    java.util.concurrent.atomic.AtomicIntegerFieldUpdater runningWorkers$volatile$FU -> h
    0:10:void <clinit>():0:0 -> <clinit>
    0:1:void <init>(int):0:0 -> <init>
      # {"id":"com.android.tools.r8.synthesized"}
      # {"id":"com.android.tools.r8.residualsignature","signature":"(I)V"}
    2:4:void <init>(kotlinx.coroutines.CoroutineDispatcher,int):25:25 -> <init>
    2:4:void <init>(int):0 -> <init>
    5:6:void <init>(kotlinx.coroutines.CoroutineDispatcher,int):23:23 -> <init>
    5:6:void <init>(int):0 -> <init>
    7:8:void <init>(kotlinx.coroutines.CoroutineDispatcher,int):24:24 -> <init>
    7:8:void <init>(int):0 -> <init>
    9:18:void <init>(kotlinx.coroutines.CoroutineDispatcher,int):25:25 -> <init>
    9:18:void <init>(int):0 -> <init>
    19:20:kotlinx.coroutines.Delay kotlinx.coroutines.DefaultExecutorKt.getDefaultDelay():10:10 -> <init>
kotlinx.coroutines.internal.LimitedDispatcher$Worker -> R8$$REMOVED$$CLASS$$132:
# {"id":"sourceFile","fileName":"LimitedDispatcher.kt"}
kotlinx.coroutines.internal.LimitedDispatcherKt -> R8$$REMOVED$$CLASS$$133:
# {"id":"sourceFile","fileName":"LimitedDispatcher.kt"}
kotlinx.coroutines.internal.LockFreeLinkedListHead -> R8$$REMOVED$$CLASS$$134:
# {"id":"sourceFile","fileName":"LockFreeLinkedList.kt"}