app/build/outputs/mapping/release/usage.txt
vadiole.unicode.BuildConfig
vadiole.unicode.R$color
vadiole.unicode.R$drawable
vadiole.unicode.R$mipmap
vadiole.unicode.R$string
vadiole.unicode.R$style
vadiole.unicode.R$xml
vadiole.unicode.R
vadiole.unicode.data.Block:
    public final int getId()
vadiole.unicode.data.CharObj:
    public final java.lang.String getHex()
    public final int getId()
    public final java.lang.String getVersion()
vadiole.unicode.data.CodePoint:
    public static final boolean equals-impl0(int,int)
    public final int getValue()
vadiole.unicode.data.CodePointArray:
    public boolean add-KpHEdGg(int)
    public static final boolean equals-impl0(int[],int[])
    public final int[] getStorage()
    public static final void set-Xmo5eWg(int[],int,int)
vadiole.unicode.data.CodePointKt:
    public static final int[] CodePointArray(int,kotlin.jvm.functions.Function1)
    public static final int[] filterMaybe-Nyi94iI(int[],kotlin.jvm.functions.Function1)
vadiole.unicode.data.UnicodeStorage:
    private static final java.lang.String databaseDir
    private static final java.lang.String databaseName
    private static final java.lang.String queryFindChars
    private static final java.lang.String queryGetBlocks
    private static final java.lang.String queryGetChar
    public static final int totalCharacters
vadiole.unicode.data.config.UserConfig:
    private static final java.lang.String key_crashReportDisabled
    private static final java.lang.String key_firstCrashReport
    private static final java.lang.String key_showUnsupportedChars
    public final void setShowUnsupportedChars(boolean)
vadiole.unicode.ui.NavigationView:
    public final vadiole.unicode.ui.details.DetailsSheet getDetailsSheet()
    public final void setDetailsSheet(vadiole.unicode.ui.details.DetailsSheet)
vadiole.unicode.ui.SendCrashActivity:
    public static final java.lang.String MAIN_PROCESS_PID
    public static final java.lang.String STACKTRACE_FILE_PATH
vadiole.unicode.ui.common.CharInfoView:
    public final java.lang.String getName()
    public final java.lang.String getValue()
vadiole.unicode.ui.common.CollectionItemDecoration:
    public void <init>()
    public synthetic void <init>(float,int,kotlin.jvm.internal.DefaultConstructorMarker)
vadiole.unicode.ui.common.CollectionView:
    public final boolean isScrollEnabled()
    public final void setScrollEnabled(boolean)
vadiole.unicode.ui.common.SimpleTextView:
    public final int getGravity()
    public final java.lang.String getText()
    public final float getTextSize()
    public final android.graphics.Typeface getTypeface()
    public final void setGravity(int)
vadiole.unicode.ui.common.SpacerDrawable:
    public void <init>()
    public final int getHeight()
    public final int getWidth()
vadiole.unicode.ui.common.Squircle:
    public final void detach()
    public final int getCornerRadiusPx()
    public final boolean getSkipBottomLeft()
    public final boolean getSkipBottomRight()
    public final boolean getSkipTopLeft()
    public final boolean getSkipTopRight()
    public final void setSkipBottomLeft(boolean)
    public final void setSkipBottomRight(boolean)
    public final void setSkipTopLeft(boolean)
    public final void setSkipTopRight(boolean)
vadiole.unicode.ui.common.SquircleDrawable:
    public final boolean getSkipBottomLeft()
    public final boolean getSkipBottomRight()
    public final boolean getSkipTopLeft()
    public final boolean getSkipTopRight()
vadiole.unicode.ui.common.StateColorDrawable:
    public final android.content.res.ColorStateList getColors()
vadiole.unicode.ui.common.TextButton:
    public final android.content.res.ColorStateList getColors()
vadiole.unicode.ui.common.TopBar$1
vadiole.unicode.ui.common.TopBar:
    public synthetic void <init>(android.content.Context,java.lang.String,kotlin.jvm.functions.Function1,int,kotlin.jvm.internal.DefaultConstructorMarker)
...
kotlinx.coroutines.flow.FlowKt__EmittersKt$onEmpty$$inlined$unsafeFlow$1
kotlinx.coroutines.flow.FlowKt__EmittersKt$onEmpty$1$1$emit$1
kotlinx.coroutines.flow.FlowKt__EmittersKt$onEmpty$1$1
kotlinx.coroutines.flow.FlowKt__EmittersKt$onStart$$inlined$unsafeFlow$1$1
kotlinx.coroutines.flow.FlowKt__EmittersKt$onStart$$inlined$unsafeFlow$1
kotlinx.coroutines.flow.FlowKt__EmittersKt$transform$1$1$emit$1
kotlinx.coroutines.flow.FlowKt__EmittersKt$transform$1$1
kotlinx.coroutines.flow.FlowKt__EmittersKt$transform$1
kotlinx.coroutines.flow.FlowKt__EmittersKt$unsafeTransform$$inlined$unsafeFlow$1$1
kotlinx.coroutines.flow.FlowKt__EmittersKt$unsafeTransform$$inlined$unsafeFlow$1
kotlinx.coroutines.flow.FlowKt__EmittersKt$unsafeTransform$1$1$emit$1
kotlinx.coroutines.flow.FlowKt__EmittersKt$unsafeTransform$1$1
kotlinx.coroutines.flow.FlowKt__EmittersKt
kotlinx.coroutines.flow.FlowKt__ErrorsKt$catch$$inlined$unsafeFlow$1$1
kotlinx.coroutines.flow.FlowKt__ErrorsKt$catch$$inlined$unsafeFlow$1
kotlinx.coroutines.flow.FlowKt__ErrorsKt$catchImpl$1
kotlinx.coroutines.flow.FlowKt__ErrorsKt$catchImpl$2$emit$1
kotlinx.coroutines.flow.FlowKt__ErrorsKt$catchImpl$2
kotlinx.coroutines.flow.FlowKt__ErrorsKt$retry$1
kotlinx.coroutines.flow.FlowKt__ErrorsKt$retry$3
kotlinx.coroutines.flow.FlowKt__ErrorsKt$retryWhen$$inlined$unsafeFlow$1$1
kotlinx.coroutines.flow.FlowKt__ErrorsKt$retryWhen$$inlined$unsafeFlow$1
kotlinx.coroutines.flow.FlowKt__ErrorsKt
kotlinx.coroutines.flow.FlowKt__LimitKt$collectWhile$1
kotlinx.coroutines.flow.FlowKt__LimitKt$collectWhile$collector$1$emit$1
kotlinx.coroutines.flow.FlowKt__LimitKt$collectWhile$collector$1
kotlinx.coroutines.flow.FlowKt__LimitKt$drop$$inlined$unsafeFlow$1
kotlinx.coroutines.flow.FlowKt__LimitKt$drop$2$1$emit$1
kotlinx.coroutines.flow.FlowKt__LimitKt$drop$2$1
kotlinx.coroutines.flow.FlowKt__LimitKt$dropWhile$$inlined$unsafeFlow$1
kotlinx.coroutines.flow.FlowKt__LimitKt$dropWhile$1$1$emit$1
kotlinx.coroutines.flow.FlowKt__LimitKt$dropWhile$1$1
kotlinx.coroutines.flow.FlowKt__LimitKt$emitAbort$1
kotlinx.coroutines.flow.FlowKt__LimitKt$take$$inlined$unsafeFlow$1$1
kotlinx.coroutines.flow.FlowKt__LimitKt$take$$inlined$unsafeFlow$1
kotlinx.coroutines.flow.FlowKt__LimitKt$take$2$1$emit$1
kotlinx.coroutines.flow.FlowKt__LimitKt$take$2$1
kotlinx.coroutines.flow.FlowKt__LimitKt$takeWhile$$inlined$unsafeFlow$1$1
kotlinx.coroutines.flow.FlowKt__LimitKt$takeWhile$$inlined$unsafeFlow$1
kotlinx.coroutines.flow.FlowKt__LimitKt$takeWhile$lambda$6$$inlined$collectWhile$1$1
kotlinx.coroutines.flow.FlowKt__LimitKt$takeWhile$lambda$6$$inlined$collectWhile$1
kotlinx.coroutines.flow.FlowKt__LimitKt$transformWhile$1$invokeSuspend$$inlined$collectWhile$1$1
kotlinx.coroutines.flow.FlowKt__LimitKt$transformWhile$1$invokeSuspend$$inlined$collectWhile$1
kotlinx.coroutines.flow.FlowKt__LimitKt$transformWhile$1
kotlinx.coroutines.flow.FlowKt__LimitKt
kotlinx.coroutines.flow.FlowKt__MergeKt$flatMapConcat$$inlined$map$1$2$1
kotlinx.coroutines.flow.FlowKt__MergeKt$flatMapConcat$$inlined$map$1$2
kotlinx.coroutines.flow.FlowKt__MergeKt$flatMapConcat$$inlined$map$1
kotlinx.coroutines.flow.FlowKt__MergeKt$flatMapLatest$1
kotlinx.coroutines.flow.FlowKt__MergeKt$flatMapMerge$$inlined$map$1$2$1
kotlinx.coroutines.flow.FlowKt__MergeKt$flatMapMerge$$inlined$map$1$2
kotlinx.coroutines.flow.FlowKt__MergeKt$flatMapMerge$$inlined$map$1
kotlinx.coroutines.flow.FlowKt__MergeKt$flattenConcat$$inlined$unsafeFlow$1
kotlinx.coroutines.flow.FlowKt__MergeKt$flattenConcat$1$1$emit$1
kotlinx.coroutines.flow.FlowKt__MergeKt$flattenConcat$1$1
kotlinx.coroutines.flow.FlowKt__MergeKt$mapLatest$1
kotlinx.coroutines.flow.FlowKt__MergeKt
kotlinx.coroutines.flow.FlowKt__MigrationKt$delayEach$1
kotlinx.coroutines.flow.FlowKt__MigrationKt$delayFlow$1
kotlinx.coroutines.flow.FlowKt__MigrationKt$onErrorReturn$1
kotlinx.coroutines.flow.FlowKt__MigrationKt$onErrorReturn$2
kotlinx.coroutines.flow.FlowKt__MigrationKt$switchMap$$inlined$flatMapLatest$1